Started by user [8mha:////4MhIcn6qRcy0iWdwa/bP7ATdhZ5VqqiBT5DapqOcDgHdAAAAmx+LCAAAAAAAAP9b85aBtbiIQTGjNKU4P08vOT+vOD8nVc83PyU1x6OyILUoJzMv2y+/JJUBAhiZGBgqihhk0NSjKDWzXb3RdlLBUSYGJk8GtpzUvPSSDB8G5tKinBIGIZ+sxLJE/ZzEvHT94JKizLx0a6BxUmjGOUNodHsLgAzOEgZ+/dLi1CL94sTU1BQDcwszAF1bdi3EAAAA[0msaeed0786
Running as SYSTEM
Building in workspace C:\Users\shazad\.jenkins\workspace\TomcatDeployment
The recommended git tool is: NONE
using credential admin
 > C:\Program Files\Git\bin\git.exe rev-parse --is-inside-work-tree # timeout=10
Fetching changes from the remote Git repository
 > C:\Program Files\Git\bin\git.exe config remote.origin.url https://github.com/sivajavatechie/JenkinsWar.git # timeout=10
Fetching upstream changes from https://github.com/sivajavatechie/JenkinsWar.git
 > C:\Program Files\Git\bin\git.exe --version # timeout=10
 > git --version # 'git version 2.28.0.windows.1'
using GIT_ASKPASS to set credentials admin
 > C:\Program Files\Git\bin\git.exe fetch --tags --force --progress -- https://github.com/sivajavatechie/JenkinsWar.git +refs/heads/*:refs/remotes/origin/* # timeout=10
 > C:\Program Files\Git\bin\git.exe rev-parse "refs/remotes/origin/master^{commit}" # timeout=10
Checking out Revision 1386a8ac42a432493e41c0efa4be8ff104db115d (refs/remotes/origin/master)
 > C:\Program Files\Git\bin\git.exe config core.sparsecheckout # timeout=10
 > C:\Program Files\Git\bin\git.exe checkout -f 1386a8ac42a432493e41c0efa4be8ff104db115d # timeout=10
Commit message: "Update index.jsp"
 > C:\Program Files\Git\bin\git.exe rev-list --no-walk 1386a8ac42a432493e41c0efa4be8ff104db115d # timeout=10
[TomcatDeployment] $ cmd /c call C:\Users\shazad\AppData\Local\Temp\jenkins1326694568579221986.bat

C:\Users\shazad\.jenkins\workspace\TomcatDeployment>mvn clean package 
[INFO] Scanning for projects...
[INFO] 
[INFO] --------------------< com.jenkins.demo:JenkinsWar1 >--------------------
[INFO] Building JenkinsWar Maven Webapp 0.0.1-SNAPSHOT
[INFO] --------------------------------[ war ]---------------------------------
[INFO] 
[INFO] --- maven-clean-plugin:2.5:clean (default-clean) @ JenkinsWar1 ---
[INFO] Deleting C:\Users\shazad\.jenkins\workspace\TomcatDeployment\target
[INFO] 
[INFO] --- maven-resources-plugin:2.6:resources (default-resources) @ JenkinsWar1 ---
[WARNING] Using platform encoding (Cp1252 actually) to copy filtered resources, i.e. build is platform dependent!
[INFO] skip non existing resourceDirectory C:\Users\shazad\.jenkins\workspace\TomcatDeployment\src\main\resources
[INFO] 
[INFO] --- maven-compiler-plugin:3.1:compile (default-compile) @ JenkinsWar1 ---
[INFO] No sources to compile
[INFO] 
[INFO] --- maven-resources-plugin:2.6:testResources (default-testResources) @ JenkinsWar1 ---
[WARNING] Using platform encoding (Cp1252 actually) to copy filtered resources, i.e. build is platform dependent!
[INFO] skip non existing resourceDirectory C:\Users\shazad\.jenkins\workspace\TomcatDeployment\src\test\resources
[INFO] 
[INFO] --- maven-compiler-plugin:3.1:testCompile (default-testCompile) @ JenkinsWar1 ---
[INFO] No sources to compile
[INFO] 
[INFO] --- maven-surefire-plugin:2.12.4:test (default-test) @ JenkinsWar1 ---
[INFO] No tests to run.
[INFO] 
[INFO] --- maven-war-plugin:2.2:war (default-war) @ JenkinsWar1 ---
WARNING: An illegal reflective access operation has occurred
WARNING: Illegal reflective access by com.thoughtworks.xstream.core.util.Fields (file:/C:/Users/shazad/.m2/repository/com/thoughtworks/xstream/xstream/1.3.1/xstream-1.3.1.jar) to field java.util.Properties.defaults
WARNING: Please consider reporting this to the maintainers of com.thoughtworks.xstream.core.util.Fields
WARNING: Use --illegal-access=warn to enable warnings of further illegal reflective access operations
WARNING: All illegal access operations will be denied in a future release
[INFO] Packaging webapp
[INFO] Assembling webapp [JenkinsWar1] in [C:\Users\shazad\.jenkins\workspace\TomcatDeployment\target\JenkinsWar]
[INFO] Processing war project
[INFO] Copying webapp resources [C:\Users\shazad\.jenkins\workspace\TomcatDeployment\src\main\webapp]
[INFO] Webapp assembled in [152 msecs]
[INFO] Building war: C:\Users\shazad\.jenkins\workspace\TomcatDeployment\target\JenkinsWar.war
[INFO] WEB-INF\web.xml already added, skipping
[INFO] ------------------------------------------------------------------------
[INFO] BUILD SUCCESS
[INFO] ------------------------------------------------------------------------
[INFO] Total time:  15.541 s
[INFO] Finished at: 2020-09-29T21:15:57-05:00
[INFO] ------------------------------------------------------------------------
[DeployPublisher][INFO] Attempting to deploy 1 war file(s)
ERROR: Build step failed with exception
org.codehaus.cargo.container.ContainerException: Failed to create deployer with implementation class org.codehaus.cargo.container.jboss.JBoss7xRemoteDeployer for the parameters (container [id = [jboss7x]], deployer type [remote]).
	at org.codehaus.cargo.generic.spi.AbstractGenericHintFactory.createImplementation(AbstractGenericHintFactory.java:154)
	at org.codehaus.cargo.generic.spi.AbstractIntrospectionGenericHintFactory.createImplementation(AbstractIntrospectionGenericHintFactory.java:89)
	at org.codehaus.cargo.generic.deployer.DefaultDeployerFactory.createDeployer(DefaultDeployerFactory.java:131)
	at org.codehaus.cargo.generic.deployer.DefaultDeployerFactory.createDeployer(DefaultDeployerFactory.java:150)
	at hudson.plugins.deploy.CargoContainerAdapter.deploy(CargoContainerAdapter.java:69)
	at hudson.plugins.deploy.CargoContainerAdapter$DeployCallable.invoke(CargoContainerAdapter.java:167)
	at hudson.plugins.deploy.CargoContainerAdapter$DeployCallable.invoke(CargoContainerAdapter.java:136)
	at hudson.FilePath.act(FilePath.java:1076)
	at hudson.FilePath.act(FilePath.java:1059)
	at hudson.plugins.deploy.CargoContainerAdapter.redeployFile(CargoContainerAdapter.java:133)
	at hudson.plugins.deploy.PasswordProtectedAdapterCargo.redeployFile(PasswordProtectedAdapterCargo.java:95)
	at hudson.plugins.deploy.DeployPublisher.perform(DeployPublisher.java:113)
	at jenkins.tasks.SimpleBuildStep.perform(SimpleBuildStep.java:112)
	at hudson.tasks.BuildStepCompatibilityLayer.perform(BuildStepCompatibilityLayer.java:78)
	at hudson.tasks.BuildStepMonitor$3.perform(BuildStepMonitor.java:45)
	at hudson.model.AbstractBuild$AbstractBuildExecution.perform(AbstractBuild.java:741)
	at hudson.model.AbstractBuild$AbstractBuildExecution.performAllBuildSteps(AbstractBuild.java:690)
	at hudson.model.Build$BuildExecution.post2(Build.java:186)
	at hudson.model.AbstractBuild$AbstractBuildExecution.post(AbstractBuild.java:635)
	at hudson.model.Run.execute(Run.java:1919)
	at hudson.model.FreeStyleBuild.run(FreeStyleBuild.java:43)
	at hudson.model.ResourceController.execute(ResourceController.java:97)
	at hudson.model.Executor.run(Executor.java:428)
Caused by: java.lang.reflect.InvocationTargetException
	at java.base/jdk.internal.reflect.NativeConstructorAccessorImpl.newInstance0(Native Method)
	at java.base/jdk.internal.reflect.NativeConstructorAccessorImpl.newInstance(NativeConstructorAccessorImpl.java:62)
	at java.base/jdk.internal.reflect.DelegatingConstructorAccessorImpl.newInstance(DelegatingConstructorAccessorImpl.java:45)
	at java.base/java.lang.reflect.Constructor.newInstance(Constructor.java:490)
	at org.codehaus.cargo.generic.deployer.DefaultDeployerFactory.createInstance(DefaultDeployerFactory.java:229)
	at org.codehaus.cargo.generic.deployer.DefaultDeployerFactory.createInstance(DefaultDeployerFactory.java:40)
	at org.codehaus.cargo.generic.spi.AbstractGenericHintFactory.createImplementation(AbstractGenericHintFactory.java:148)
	... 22 more
Caused by: org.codehaus.cargo.util.CargoException: Cannot locate the JBoss connector classes! Make sure the required JBoss JARs (or Maven dependencies) are in CARGO's classpath.
More information on: https://codehaus-cargo.github.io/cargo/JBoss+Remote+Deployer.html
	at org.codehaus.cargo.container.jboss.JBoss5xRemoteDeployer.<init>(JBoss5xRemoteDeployer.java:159)
	at org.codehaus.cargo.container.jboss.JBoss7xRemoteDeployer.<init>(JBoss7xRemoteDeployer.java:39)
	... 29 more
Caused by: java.lang.ClassNotFoundException: org.jboss.as.controller.client.ModelControllerClient
	at jenkins.util.AntClassLoader.findClassInComponents(AntClassLoader.java:1387)
	at jenkins.util.AntClassLoader.findClass(AntClassLoader.java:1342)
	at jenkins.util.AntClassLoader.loadClass(AntClassLoader.java:1089)
	at java.base/java.lang.ClassLoader.loadClass(ClassLoader.java:521)
	at org.codehaus.cargo.container.jboss.JBoss5xRemoteDeployer.<init>(JBoss5xRemoteDeployer.java:154)
	... 30 more
java.lang.reflect.InvocationTargetException
	at java.base/jdk.internal.reflect.NativeConstructorAccessorImpl.newInstance0(Native Method)
	at java.base/jdk.internal.reflect.NativeConstructorAccessorImpl.newInstance(NativeConstructorAccessorImpl.java:62)
	at java.base/jdk.internal.reflect.DelegatingConstructorAccessorImpl.newInstance(DelegatingConstructorAccessorImpl.java:45)
	at java.base/java.lang.reflect.Constructor.newInstance(Constructor.java:490)
	at org.codehaus.cargo.generic.deployer.DefaultDeployerFactory.createInstance(DefaultDeployerFactory.java:229)
	at org.codehaus.cargo.generic.deployer.DefaultDeployerFactory.createInstance(DefaultDeployerFactory.java:40)
	at org.codehaus.cargo.generic.spi.AbstractGenericHintFactory.createImplementation(AbstractGenericHintFactory.java:148)
	at org.codehaus.cargo.generic.spi.AbstractIntrospectionGenericHintFactory.createImplementation(AbstractIntrospectionGenericHintFactory.java:89)
	at org.codehaus.cargo.generic.deployer.DefaultDeployerFactory.createDeployer(DefaultDeployerFactory.java:131)
	at org.codehaus.cargo.generic.deployer.DefaultDeployerFactory.createDeployer(DefaultDeployerFactory.java:150)
	at hudson.plugins.deploy.CargoContainerAdapter.deploy(CargoContainerAdapter.java:69)
	at hudson.plugins.deploy.CargoContainerAdapter$DeployCallable.invoke(CargoContainerAdapter.java:167)
	at hudson.plugins.deploy.CargoContainerAdapter$DeployCallable.invoke(CargoContainerAdapter.java:136)
	at hudson.FilePath.act(FilePath.java:1076)
	at hudson.FilePath.act(FilePath.java:1059)
	at hudson.plugins.deploy.CargoContainerAdapter.redeployFile(CargoContainerAdapter.java:133)
	at hudson.plugins.deploy.PasswordProtectedAdapterCargo.redeployFile(PasswordProtectedAdapterCargo.java:95)
	at hudson.plugins.deploy.DeployPublisher.perform(DeployPublisher.java:113)
	at jenkins.tasks.SimpleBuildStep.perform(SimpleBuildStep.java:112)
	at hudson.tasks.BuildStepCompatibilityLayer.perform(BuildStepCompatibilityLayer.java:78)
	at hudson.tasks.BuildStepMonitor$3.perform(BuildStepMonitor.java:45)
	at hudson.model.AbstractBuild$AbstractBuildExecution.perform(AbstractBuild.java:741)
	at hudson.model.AbstractBuild$AbstractBuildExecution.performAllBuildSteps(AbstractBuild.java:690)
	at hudson.model.Build$BuildExecution.post2(Build.java:186)
	at hudson.model.AbstractBuild$AbstractBuildExecution.post(AbstractBuild.java:635)
	at hudson.model.Run.execute(Run.java:1919)
	at hudson.model.FreeStyleBuild.run(FreeStyleBuild.java:43)
	at hudson.model.ResourceController.execute(ResourceController.java:97)
	at hudson.model.Executor.run(Executor.java:428)
Caused by: org.codehaus.cargo.util.CargoException: Cannot locate the JBoss connector classes! Make sure the required JBoss JARs (or Maven dependencies) are in CARGO's classpath.
More information on: https://codehaus-cargo.github.io/cargo/JBoss+Remote+Deployer.html
	at org.codehaus.cargo.container.jboss.JBoss5xRemoteDeployer.<init>(JBoss5xRemoteDeployer.java:159)
	at org.codehaus.cargo.container.jboss.JBoss7xRemoteDeployer.<init>(JBoss7xRemoteDeployer.java:39)
	... 29 more
Caused by: java.lang.ClassNotFoundException: org.jboss.as.controller.client.ModelControllerClient
	at jenkins.util.AntClassLoader.findClassInComponents(AntClassLoader.java:1387)
	at jenkins.util.AntClassLoader.findClass(AntClassLoader.java:1342)
	at jenkins.util.AntClassLoader.loadClass(AntClassLoader.java:1089)
	at java.base/java.lang.ClassLoader.loadClass(ClassLoader.java:521)
	at org.codehaus.cargo.container.jboss.JBoss5xRemoteDeployer.<init>(JBoss5xRemoteDeployer.java:154)
	... 30 more
Build step 'Deploy war/ear to a container' marked build as failure
Finished: FAILURE
